<?xml version="1.0" encoding="UTF-8"?>
<!-- Generated by org.testng.reporters.JUnitReportReporter -->
<testsuite hostname="LAPTOP-7ICRH45S" failures="0" tests="1" name="testCases.TC_002_LoginTest" time="1.224" errors="0" timestamp="2023-10-12T21:41:43 IST" skipped="0">
  <testcase classname="testCases.TC_002_LoginTest" name="test_login" time="1.224"/>
</testsuite> <!-- testCases.TC_002_LoginTest -->
