<?xml version="1.0" encoding="UTF-8"?>
<!-- Generated by org.testng.reporters.JUnitReportReporter -->
<testsuite hostname="LAPTOP-7ICRH45S" failures="0" tests="1" name="testCases.TC_001_AccountRegistrationTest" time="1.158" errors="0" timestamp="2023-10-12T22:02:18 IST" skipped="0">
  <testcase classname="testCases.TC_001_AccountRegistrationTest" name="test_account_Registration" time="1.158"/>
</testsuite> <!-- testCases.TC_001_AccountRegistrationTest -->
