<?xml version="1.0" encoding="UTF-8"?>
<!-- Generated by org.testng.reporters.JUnitReportReporter -->
<testsuite hostname="LAPTOP-7ICRH45S" failures="0" tests="1" name="testCases.TC_002_LoginTest" time="0.846" errors="0" timestamp="2023-10-12T22:02:18 IST" skipped="0">
  <testcase classname="testCases.TC_002_LoginTest" name="test_login" time="0.846"/>
</testsuite> <!-- testCases.TC_002_LoginTest -->
